---------------------------------------------------
M.U.G.E.N ver 1.1.0 Beta 1 P1 (2013.08.11) status log
---------------------------------------------------
Parsing command line...
Command line: Z:\home\gabriel\king-of-fighters-brazil-edition\mugen.exe
Parse command line OK
Initializing...
Allocating game variables
Reading configuration file...Setting language "en".
OK
Initializing timer...performance timer enabled...frequency 10000000...OK
Initializing keyboard...configuring...OK
Initializing input engine...OK
Initializing sound...OK
Initializing BGM...  OK
Initializing graphics...gameCoord 1280x720...render mode 2_20...trying 1280x720x32 mode 0x0...success...OK
Setting callbacks...OK
Initializing font...OK
Initializing game variables...OK
Session RNG seed is 1781716621
Loading system fonts...OK
Loading options...
Initializing pads...failed
Reinitializing input engine...OK
Remapping keys...OK
Reinitializing input engine...OK
Options loaded OK
Loading system...
  Load system file system.def...OK
  Load system spr...OK
  Load system snd...OK
  Load system fonts...OK
  Load system anim...OK
  Load [Title Info]...OK
  Load [Option Info]...OK
  Load [Select Info]...OK
  Load [VS Screen]...OK
  Load [Victory Screen]...OK
  Load [Demo Mode]...OK
  Load [Continue Screen]...OK
  Load [Game Over Screen]...OK
  Load [Win Screen]...OK
  Load [Survival Results Screen]...OK
  Load [Default Ending]...OK
  Load [End Credits]...OK
  Load TitleBG...VersusBG...VictoryBG...SelectBG...OptionBG...OK
  Loading fight data
    Opening fight data file data/mugen1/fight.def...OK
    Reading [Files]...OK
    Loading fonts...OK
    Load fight anim...OK
    Reading [Lifebar]...[Turns Lifebar]...[Simul Lifebar]...[Powerbar]...
    [Face]...[Simul Face]...[Turns Face]...
    [Name]...[Simul Name]...[Turns Name]...
    [Time]...[Combo]...[Round]...[WinIcon]...OK
    Allocating explods...OK
  Fight data loaded OK
Lua initing
Lua init complete
System loaded OK
Initialize OK
Set up graphics...timer...OK

Entering gameflow loop
Gameflow 0
Gameflow 1
Gameflow 2
Initializing character info...OK
Initializing select screen...finding characters...OK
Gameflow 3
Gameflow 4
Entering mode select.
Unloading match assets
Freeing players
Game loop init
Mode select init
End of mode select loop
Game loop deinit
Gameflow 6
Reset persist vars team 0
Reset persist vars team 1
Char he_man_do_sertao.def (3) request pal 4 1 (1) -> reserved 0 (0)
Char mestre_thaynan.def (2) request pal 1 1 (1) -> reserved 0 (0)
Gameflow 8
Gameflow 9
Gameflow 10
Gameflow 11
Loading match assets...
Loading stage...
  Loading BG...OK
Stage loaded OK
  Allocating helpers...OK
Match RNG seed: 1291484926
Reset persist vars team 0
Reset persist vars team 1
Loading character chars/he_man_do_sertao/he_man_do_sertao.def...
  Loading info...OK
  Loading cmd command set he_man_do_sertao.cmd...OK
  Loading cns he_man_do_sertao.cns...OK
  Loading cmd state entry he_man_do_sertao.cmd...OK
  Loading common states common1.cns...OK
  Loading sff he_man_do_sertao.sff...OK
  Loading anim he_man_do_sertao.air...OK
  Loading pals...OK
  789 expressions (437 on trigger lines)
Character he_man_do_sertao.def loaded OK
New char He-man do Nordeste loaded into cache: (1/4 cached) Load time: 0.000ms
Loading character chars/mestre_thaynan/mestre_thaynan.def...
  Loading info...OK
  Loading cmd command set mestre_thaynan.cmd...OK
  Loading cns mestre_thaynan.cns...OK
  Loading cmd state entry mestre_thaynan.cmd...OK
  Loading common states common1.cns...OK
  Loading sff mestre_thaynan.sff...OK
  Loading anim mestre_thaynan.air...OK
  Loading pals...OK
  891 expressions (459 on trigger lines)
Character mestre_thaynan.def loaded OK
New char Mestre Thaynan loaded into cache: (2/4 cached) Load time: 10.000ms
Resetting round
Match assets initialized OK
Game loop init
Match loop init
End of match loop
Total time: 2.24s
Total frames: 135 	Skipped frames: 0
Avg game rate: 60.27
Avg frame rate: 60.27

Finishing match
Freeing players
Save persist vars P56 He-man do Nordeste
Player He-man do Nordeste cache count reduced: 0
Save persist vars P57 Mestre Thaynan
Player Mestre Thaynan cache count reduced: 0
Match RNG closed
Game loop deinit
Gameflow 3
Gameflow 4
Entering mode select.
Unloading match assets
Freeing players
Unloading stage...OK
Game loop init
Mode select init
End of mode select loop
Game loop deinit
Gameflow 6
Reset persist vars team 0
Reset persist vars team 1
Gameflow 7
Entering character select.
Unloading match assets
Freeing players
Game loop init
Unreserved all palettes
Charsel init
Selected char 2 on teamslot 0.0
Char mestre_thaynan.def (2) request pal 0 1 (1) -> reserved 0 (0)
Selected char 3 on teamslot 1.0
Char he_man_do_sertao.def (3) request pal 0 1 (1) -> reserved 0 (0)
End of charsel loop
Game loop deinit
Gameflow 8
Gameflow 9
Gameflow 10
Entering versus screen.
Unloading match assets
Freeing players
Game loop init
Versus screen init
End of versus screen loop
Game loop deinit
Gameflow 11
Loading match assets...
Loading stage...
  Loading BG...OK
Stage loaded OK
Setting game resolution 1280x960...OK
  Allocating helpers...OK
Match RNG seed: 1369914247
Reset persist vars team 0
Reset persist vars team 1
Player Mestre Thaynan cache count increased: 1
Player He-man do Nordeste cache count increased: 1
Resetting round
Match assets initialized OK
Game loop init
Match loop init
CloseWindow event forced common loop quit.
End of match loop
Total time: 69.25s
Total frames: 4156 	Skipped frames: 0
Avg game rate: 60.01
Avg frame rate: 60.01

Finishing match
Freeing players
Save persist vars P56 Mestre Thaynan
Player Mestre Thaynan cache count reduced: 0
Save persist vars P57 He-man do Nordeste
Player He-man do Nordeste cache count reduced: 0
Match RNG closed
Game loop deinit
Gameflow 6
Reset persist vars team 0
Reset persist vars team 1
Gameflow 7
Entering character select.
Setting game resolution 1280x720...OK
Unloading match assets
Freeing players
Unloading stage...OK
Game loop init
Unreserved all palettes
Charsel init
Game loop deinit
Canceled character select.
Gameflow 4
Entering mode select.
Unloading match assets
Freeing players
Game loop init
Mode select init
End of mode select loop
Game loop deinit
Returned from gameflow loop
Deinitializing...
Frames      : 5719
Time elapsed: 95.270 sec
ticks: 9527, tps: 100, start 43, end 9570

Unloading match assets
Freeing players
Clearing player cache...Freeing player RC Mestre Thaynan...CMD...CNS...SFF...AIR...SND...Misc...OK
Freeing player RC He-man do Nordeste...CMD...CNS...SFF...AIR...SND...Misc...OK
OK
Freeing character info...OK
Freeing select screen...OK
Freeing fight data...OK
Freeing system data...OK
Freeing game variables...Unloading match assets
Freeing players
OK
Deinitializing input...pad...keyboard...OK
Removing callbacks...OK
Deintializing timer...OK
Deinitializing graphics...OK
Deinitializing BGM...OK
Deinitializing sound...OK
Successful program termination.

Log file successfully closed.
